# JRE version: OpenJDK Runtime Environment (11.0.15) (build 11.0.15+0-b2043.56-9505619)
# Java VM: OpenJDK 64-Bit Server VM (11.0.15+0-b2043.56-9505619, mixed mode, tiered, compressed oops, g1 gc, windows-amd64)
Heap:
 garbage-first heap   total 253952K, used 128368K [0x0000000080000000, 0x0000000100000000)
  region size 1024K, 78 young (79872K), 9 survivors (9216K)
 Metaspace       used 70108K, capacity 71799K, committed 71984K, reserved 1112064K
  class space    used 8860K, capacity 9525K, committed 9600K, reserved 1048576K
GC Heap History (16 events):
Event: 0.365 GC heap before
{Heap before GC invocations=0 (full 0):
 garbage-first heap   total 253952K, used 29696K [0x0000000080000000, 0x0000000100000000)
  region size 1024K, 24 young (24576K), 0 survivors (0K)
 Metaspace       used 10105K, capacity 10336K, committed 10624K, reserved 1058816K
  class space    used 1022K, capacity 1105K, committed 1152K, reserved 1048576K
}
Event: 0.367 GC heap after
{Heap after GC invocations=1 (full 0):
 garbage-first heap   total 253952K, used 9405K [0x0000000080000000, 0x0000000100000000)
  region size 1024K, 3 young (3072K), 3 survivors (3072K)
 Metaspace       used 10105K, capacity 10336K, committed 10624K, reserved 1058816K
  class space    used 1022K, capacity 1105K, committed 1152K, reserved 1048576K
}
Event: 1.369 GC heap before
{Heap before GC invocations=1 (full 0):
 garbage-first heap   total 253952K, used 108733K [0x0000000080000000, 0x0000000100000000)
  region size 1024K, 101 young (103424K), 3 survivors (3072K)
 Metaspace       used 20757K, capacity 21163K, committed 21296K, reserved 1069056K
  class space    used 2503K, capacity 2653K, committed 2688K, reserved 1048576K
}
Event: 1.374 GC heap after
{Heap after GC invocations=2 (full 0):
 garbage-first heap   total 253952K, used 16913K [0x0000000080000000, 0x0000000100000000)
  region size 1024K, 11 young (11264K), 11 survivors (11264K)
 Metaspace       used 20757K, capacity 21163K, committed 21296K, reserved 1069056K
  class space    used 2503K, capacity 2653K, committed 2688K, reserved 1048576K
}
Event: 1.679 GC heap before
{Heap before GC invocations=3 (full 0):
 garbage-first heap   total 253952K, used 66065K [0x0000000080000000, 0x0000000100000000)
  region size 1024K, 59 young (60416K), 11 survivors (11264K)
 Metaspace       used 25779K, capacity 26441K, committed 26544K, reserved 1073152K
  class space    used 3317K, capacity 3549K, committed 3584K, reserved 1048576K
}
Event: 1.682 GC heap after
{Heap after GC invocations=4 (full 0):
 garbage-first heap   total 253952K, used 19702K [0x0000000080000000, 0x0000000100000000)
  region size 1024K, 3 young (3072K), 3 survivors (3072K)
 Metaspace       used 25779K, capacity 26441K, committed 26544K, reserved 1073152K
  class space    used 3317K, capacity 3549K, committed 3584K, reserved 1048576K
}
Event: 2.253 GC heap before
{Heap before GC invocations=4 (full 0):
 garbage-first heap   total 253952K, used 94454K [0x0000000080000000, 0x0000000100000000)
  region size 1024K, 77 young (78848K), 3 survivors (3072K)
 Metaspace       used 34884K, capacity 35726K, committed 35888K, reserved 1081344K
  class space    used 4549K, capacity 4884K, committed 4992K, reserved 1048576K
}
Event: 2.258 GC heap after
{Heap after GC invocations=5 (full 0):
 garbage-first heap   total 253952K, used 22888K [0x0000000080000000, 0x0000000100000000)
  region size 1024K, 6 young (6144K), 6 survivors (6144K)
 Metaspace       used 34884K, capacity 35726K, committed 35888K, reserved 1081344K
  class space    used 4549K, capacity 4884K, committed 4992K, reserved 1048576K
}
Event: 3.049 GC heap before
{Heap before GC invocations=6 (full 0):
 garbage-first heap   total 253952K, used 151912K [0x0000000080000000, 0x0000000100000000)
  region size 1024K, 128 young (131072K), 6 survivors (6144K)
 Metaspace       used 46263K, capacity 47377K, committed 47536K, reserved 1091584K
  class space    used 5881K, capacity 6299K, committed 6400K, reserved 1048576K
}
Event: 3.054 GC heap after
{Heap after GC invocations=7 (full 0):
 garbage-first heap   total 253952K, used 31148K [0x0000000080000000, 0x0000000100000000)
  region size 1024K, 14 young (14336K), 14 survivors (14336K)
 Metaspace       used 46263K, capacity 47377K, committed 47536K, reserved 1091584K
  class space    used 5881K, capacity 6299K, committed 6400K, reserved 1048576K
}
Event: 3.828 GC heap before
{Heap before GC invocations=7 (full 0):
 garbage-first heap   total 253952K, used 177580K [0x0000000080000000, 0x0000000100000000)
  region size 1024K, 148 young (151552K), 14 survivors (14336K)
 Metaspace       used 54824K, capacity 56189K, committed 56240K, reserved 1097728K
  class space    used 6896K, capacity 7418K, committed 7424K, reserved 1048576K
}
Event: 3.835 GC heap after
{Heap after GC invocations=8 (full 0):
 garbage-first heap   total 253952K, used 50125K [0x0000000080000000, 0x0000000100000000)
  region size 1024K, 19 young (19456K), 19 survivors (19456K)
 Metaspace       used 54824K, capacity 56189K, committed 56240K, reserved 1097728K
  class space    used 6896K, capacity 7418K, committed 7424K, reserved 1048576K
}
Event: 4.060 GC heap before
{Heap before GC invocations=8 (full 0):
 garbage-first heap   total 253952K, used 73677K [0x0000000080000000, 0x0000000100000000)
  region size 1024K, 43 young (44032K), 19 survivors (19456K)
 Metaspace       used 58560K, capacity 60102K, committed 60208K, reserved 1101824K
  class space    used 7387K, capacity 8002K, committed 8064K, reserved 1048576K
}
Event: 4.071 GC heap after
{Heap after GC invocations=9 (full 0):
 garbage-first heap   total 253952K, used 52667K [0x0000000080000000, 0x0000000100000000)
  region size 1024K, 3 young (3072K), 3 survivors (3072K)
 Metaspace       used 58560K, capacity 60102K, committed 60208K, reserved 1101824K
  class space    used 7387K, capacity 8002K, committed 8064K, reserved 1048576K
}
Event: 4.773 GC heap before
{Heap before GC invocations=10 (full 0):
 garbage-first heap   total 253952K, used 167355K [0x0000000080000000, 0x0000000100000000)
  region size 1024K, 107 young (109568K), 3 survivors (3072K)
 Metaspace       used 67737K, capacity 69310K, committed 69552K, reserved 1110016K
  class space    used 8555K, capacity 9191K, committed 9216K, reserved 1048576K
}
Event: 4.776 GC heap after
{Heap after GC invocations=11 (full 0):
 garbage-first heap   total 253952K, used 58736K [0x0000000080000000, 0x0000000100000000)
  region size 1024K, 9 young (9216K), 9 survivors (9216K)
 Metaspace       used 67737K, capacity 69310K, committed 69552K, reserved 1110016K
  class space    used 8555K, capacity 9191K, committed 9216K, reserved 1048576K
}

