# JRE version: OpenJDK Runtime Environment (11.0.15) (build 11.0.15+0-b2043.56-9505619)
# Java VM: OpenJDK 64-Bit Server VM (11.0.15+0-b2043.56-9505619, mixed mode, tiered, compressed oops, g1 gc, windows-amd64)
Heap:
 garbage-first heap   total 253952K, used 111424K [0x0000000080000000, 0x0000000100000000)
  region size 1024K, 62 young (63488K), 10 survivors (10240K)
 Metaspace       used 69568K, capacity 71234K, committed 71344K, reserved 1112064K
  class space    used 8768K, capacity 9429K, committed 9472K, reserved 1048576K
GC Heap History (16 events):
Event: 0.358 GC heap before
{Heap before GC invocations=0 (full 0):
 garbage-first heap   total 253952K, used 29696K [0x0000000080000000, 0x0000000100000000)
  region size 1024K, 24 young (24576K), 0 survivors (0K)
 Metaspace       used 10095K, capacity 10320K, committed 10368K, reserved 1058816K
  class space    used 1022K, capacity 1105K, committed 1152K, reserved 1048576K
}
Event: 0.361 GC heap after
{Heap after GC invocations=1 (full 0):
 garbage-first heap   total 253952K, used 9281K [0x0000000080000000, 0x0000000100000000)
  region size 1024K, 3 young (3072K), 3 survivors (3072K)
 Metaspace       used 10095K, capacity 10320K, committed 10368K, reserved 1058816K
  class space    used 1022K, capacity 1105K, committed 1152K, reserved 1048576K
}
Event: 1.349 GC heap before
{Heap before GC invocations=1 (full 0):
 garbage-first heap   total 253952K, used 108609K [0x0000000080000000, 0x0000000100000000)
  region size 1024K, 100 young (102400K), 3 survivors (3072K)
 Metaspace       used 20843K, capacity 21211K, committed 21296K, reserved 1069056K
  class space    used 2515K, capacity 2653K, committed 2688K, reserved 1048576K
}
Event: 1.355 GC heap after
{Heap after GC invocations=2 (full 0):
 garbage-first heap   total 253952K, used 16949K [0x0000000080000000, 0x0000000100000000)
  region size 1024K, 11 young (11264K), 11 survivors (11264K)
 Metaspace       used 20843K, capacity 21211K, committed 21296K, reserved 1069056K
  class space    used 2515K, capacity 2653K, committed 2688K, reserved 1048576K
}
Event: 1.567 GC heap before
{Heap before GC invocations=3 (full 0):
 garbage-first heap   total 253952K, used 53813K [0x0000000080000000, 0x0000000100000000)
  region size 1024K, 48 young (49152K), 11 survivors (11264K)
 Metaspace       used 24581K, capacity 25160K, committed 25264K, reserved 1071104K
  class space    used 3128K, capacity 3318K, committed 3328K, reserved 1048576K
}
Event: 1.570 GC heap after
{Heap after GC invocations=4 (full 0):
 garbage-first heap   total 253952K, used 18668K [0x0000000080000000, 0x0000000100000000)
  region size 1024K, 2 young (2048K), 2 survivors (2048K)
 Metaspace       used 24581K, capacity 25160K, committed 25264K, reserved 1071104K
  class space    used 3128K, capacity 3318K, committed 3328K, reserved 1048576K
}
Event: 2.203 GC heap before
{Heap before GC invocations=4 (full 0):
 garbage-first heap   total 253952K, used 102636K [0x0000000080000000, 0x0000000100000000)
  region size 1024K, 85 young (87040K), 2 survivors (2048K)
 Metaspace       used 34944K, capacity 35777K, committed 35888K, reserved 1081344K
  class space    used 4553K, capacity 4885K, committed 4992K, reserved 1048576K
}
Event: 2.208 GC heap after
{Heap after GC invocations=5 (full 0):
 garbage-first heap   total 253952K, used 22455K [0x0000000080000000, 0x0000000100000000)
  region size 1024K, 6 young (6144K), 6 survivors (6144K)
 Metaspace       used 34944K, capacity 35777K, committed 35888K, reserved 1081344K
  class space    used 4553K, capacity 4885K, committed 4992K, reserved 1048576K
}
Event: 2.975 GC heap before
{Heap before GC invocations=6 (full 0):
 garbage-first heap   total 253952K, used 141239K [0x0000000080000000, 0x0000000100000000)
  region size 1024K, 119 young (121856K), 6 survivors (6144K)
 Metaspace       used 45748K, capacity 46785K, committed 46896K, reserved 1089536K
  class space    used 5792K, capacity 6192K, committed 6272K, reserved 1048576K
}
Event: 2.980 GC heap after
{Heap after GC invocations=7 (full 0):
 garbage-first heap   total 253952K, used 30697K [0x0000000080000000, 0x0000000100000000)
  region size 1024K, 14 young (14336K), 14 survivors (14336K)
 Metaspace       used 45748K, capacity 46785K, committed 46896K, reserved 1089536K
  class space    used 5792K, capacity 6192K, committed 6272K, reserved 1048576K
}
Event: 3.644 GC heap before
{Heap before GC invocations=7 (full 0):
 garbage-first heap   total 253952K, used 175081K [0x0000000080000000, 0x0000000100000000)
  region size 1024K, 146 young (149504K), 14 survivors (14336K)
 Metaspace       used 53165K, capacity 54557K, committed 54832K, reserved 1097728K
  class space    used 6714K, capacity 7249K, committed 7296K, reserved 1048576K
}
Event: 3.651 GC heap after
{Heap after GC invocations=8 (full 0):
 garbage-first heap   total 253952K, used 49688K [0x0000000080000000, 0x0000000100000000)
  region size 1024K, 19 young (19456K), 19 survivors (19456K)
 Metaspace       used 53165K, capacity 54557K, committed 54832K, reserved 1097728K
  class space    used 6714K, capacity 7249K, committed 7296K, reserved 1048576K
}
Event: 3.975 GC heap before
{Heap before GC invocations=8 (full 0):
 garbage-first heap   total 253952K, used 85528K [0x0000000080000000, 0x0000000100000000)
  region size 1024K, 55 young (56320K), 19 survivors (19456K)
 Metaspace       used 58607K, capacity 60144K, committed 60208K, reserved 1101824K
  class space    used 7392K, capacity 8002K, committed 8064K, reserved 1048576K
}
Event: 3.987 GC heap after
{Heap after GC invocations=9 (full 0):
 garbage-first heap   total 253952K, used 52241K [0x0000000080000000, 0x0000000100000000)
  region size 1024K, 4 young (4096K), 4 survivors (4096K)
 Metaspace       used 58607K, capacity 60144K, committed 60208K, reserved 1101824K
  class space    used 7392K, capacity 8002K, committed 8064K, reserved 1048576K
}
Event: 4.757 GC heap before
{Heap before GC invocations=10 (full 0):
 garbage-first heap   total 253952K, used 177169K [0x0000000080000000, 0x0000000100000000)
  region size 1024K, 119 young (121856K), 4 survivors (4096K)
 Metaspace       used 68393K, capacity 69972K, committed 70192K, reserved 1110016K
  class space    used 8614K, capacity 9263K, committed 9344K, reserved 1048576K
}
Event: 4.761 GC heap after
{Heap after GC invocations=11 (full 0):
 garbage-first heap   total 253952K, used 59200K [0x0000000080000000, 0x0000000100000000)
  region size 1024K, 10 young (10240K), 10 survivors (10240K)
 Metaspace       used 68393K, capacity 69972K, committed 70192K, reserved 1110016K
  class space    used 8614K, capacity 9263K, committed 9344K, reserved 1048576K
}

