# JRE version: OpenJDK Runtime Environment (11.0.15) (build 11.0.15+0-b2043.56-9505619)
# Java VM: OpenJDK 64-Bit Server VM (11.0.15+0-b2043.56-9505619, mixed mode, tiered, compressed oops, g1 gc, windows-amd64)
Heap:
 garbage-first heap   total 253952K, used 191488K [0x0000000080000000, 0x0000000100000000)
  region size 1024K, 49 young (50176K), 7 survivors (7168K)
 Metaspace       used 134730K, capacity 139308K, committed 147632K, reserved 1175552K
  class space    used 16970K, capacity 18687K, committed 22016K, reserved 1048576K
GC Heap History (20 events):
Event: 322.976 GC heap before
{Heap before GC invocations=36 (full 0):
 garbage-first heap   total 253952K, used 198629K [0x0000000080000000, 0x0000000100000000)
  region size 1024K, 55 young (56320K), 1 survivors (1024K)
 Metaspace       used 133586K, capacity 140721K, committed 140848K, reserved 1169408K
  class space    used 18055K, capacity 20995K, committed 21120K, reserved 1048576K
}
Event: 322.980 GC heap after
{Heap after GC invocations=37 (full 0):
 garbage-first heap   total 253952K, used 145288K [0x0000000080000000, 0x0000000100000000)
  region size 1024K, 2 young (2048K), 2 survivors (2048K)
 Metaspace       used 133586K, capacity 140721K, committed 140848K, reserved 1169408K
  class space    used 18055K, capacity 20995K, committed 21120K, reserved 1048576K
}
Event: 323.153 GC heap before
{Heap before GC invocations=38 (full 0):
 garbage-first heap   total 253952K, used 202632K [0x0000000080000000, 0x0000000100000000)
  region size 1024K, 58 young (59392K), 2 survivors (2048K)
 Metaspace       used 131622K, capacity 137038K, committed 143408K, reserved 1171456K
  class space    used 17066K, capacity 19126K, committed 21632K, reserved 1048576K
}
Event: 323.155 GC heap after
{Heap after GC invocations=39 (full 0):
 garbage-first heap   total 253952K, used 150444K [0x0000000080000000, 0x0000000100000000)
  region size 1024K, 5 young (5120K), 5 survivors (5120K)
 Metaspace       used 131622K, capacity 137038K, committed 143408K, reserved 1171456K
  class space    used 17066K, capacity 19126K, committed 21632K, reserved 1048576K
}
Event: 323.186 GC heap before
{Heap before GC invocations=39 (full 0):
 garbage-first heap   total 253952K, used 156588K [0x0000000080000000, 0x0000000100000000)
  region size 1024K, 12 young (12288K), 5 survivors (5120K)
 Metaspace       used 131729K, capacity 137115K, committed 143408K, reserved 1171456K
  class space    used 17069K, capacity 19126K, committed 21632K, reserved 1048576K
}
Event: 323.190 GC heap after
{Heap after GC invocations=40 (full 0):
 garbage-first heap   total 253952K, used 142124K [0x0000000080000000, 0x0000000100000000)
  region size 1024K, 1 young (1024K), 1 survivors (1024K)
 Metaspace       used 131729K, capacity 137115K, committed 143408K, reserved 1171456K
  class space    used 17069K, capacity 19126K, committed 21632K, reserved 1048576K
}
Event: 323.637 GC heap before
{Heap before GC invocations=40 (full 0):
 garbage-first heap   total 253952K, used 204588K [0x0000000080000000, 0x0000000100000000)
  region size 1024K, 60 young (61440K), 1 survivors (1024K)
 Metaspace       used 134603K, capacity 140254K, committed 145712K, reserved 1173504K
  class space    used 17423K, capacity 19574K, committed 21888K, reserved 1048576K
}
Event: 323.640 GC heap after
{Heap after GC invocations=41 (full 0):
 garbage-first heap   total 253952K, used 144874K [0x0000000080000000, 0x0000000100000000)
  region size 1024K, 3 young (3072K), 3 survivors (3072K)
 Metaspace       used 134603K, capacity 140254K, committed 145712K, reserved 1173504K
  class space    used 17423K, capacity 19574K, committed 21888K, reserved 1048576K
}
Event: 323.691 GC heap before
{Heap before GC invocations=41 (full 0):
 garbage-first heap   total 253952K, used 151018K [0x0000000080000000, 0x0000000100000000)
  region size 1024K, 10 young (10240K), 3 survivors (3072K)
 Metaspace       used 135180K, capacity 140864K, committed 146224K, reserved 1173504K
  class space    used 17515K, capacity 19674K, committed 21888K, reserved 1048576K
}
Event: 323.694 GC heap after
{Heap after GC invocations=42 (full 0):
 garbage-first heap   total 253952K, used 146926K [0x0000000080000000, 0x0000000100000000)
  region size 1024K, 4 young (4096K), 4 survivors (4096K)
 Metaspace       used 135180K, capacity 140864K, committed 146224K, reserved 1173504K
  class space    used 17515K, capacity 19674K, committed 21888K, reserved 1048576K
}
Event: 336.177 GC heap before
{Heap before GC invocations=43 (full 0):
 garbage-first heap   total 253952K, used 219630K [0x0000000080000000, 0x0000000100000000)
  region size 1024K, 44 young (45056K), 4 survivors (4096K)
 Metaspace       used 133819K, capacity 138242K, committed 147120K, reserved 1175552K
  class space    used 16926K, capacity 18606K, committed 22016K, reserved 1048576K
}
Event: 336.180 GC heap after
{Heap after GC invocations=44 (full 0):
 garbage-first heap   total 253952K, used 145325K [0x0000000080000000, 0x0000000100000000)
  region size 1024K, 4 young (4096K), 4 survivors (4096K)
 Metaspace       used 133819K, capacity 138242K, committed 147120K, reserved 1175552K
  class space    used 16926K, capacity 18606K, committed 22016K, reserved 1048576K
}
Event: 336.235 GC heap before
{Heap before GC invocations=44 (full 0):
 garbage-first heap   total 253952K, used 153517K [0x0000000080000000, 0x0000000100000000)
  region size 1024K, 12 young (12288K), 4 survivors (4096K)
 Metaspace       used 133914K, capacity 138464K, committed 147120K, reserved 1175552K
  class space    used 16929K, capacity 18612K, committed 22016K, reserved 1048576K
}
Event: 336.239 GC heap after
{Heap after GC invocations=45 (full 0):
 garbage-first heap   total 253952K, used 137195K [0x0000000080000000, 0x0000000100000000)
  region size 1024K, 2 young (2048K), 2 survivors (2048K)
 Metaspace       used 133914K, capacity 138464K, committed 147120K, reserved 1175552K
  class space    used 16929K, capacity 18612K, committed 22016K, reserved 1048576K
}
Event: 336.603 GC heap before
{Heap before GC invocations=45 (full 0):
 garbage-first heap   total 253952K, used 185323K [0x0000000080000000, 0x0000000100000000)
  region size 1024K, 50 young (51200K), 2 survivors (2048K)
 Metaspace       used 134334K, capacity 138946K, committed 147376K, reserved 1175552K
  class space    used 16968K, capacity 18682K, committed 22016K, reserved 1048576K
}
Event: 336.607 GC heap after
{Heap after GC invocations=46 (full 0):
 garbage-first heap   total 253952K, used 143360K [0x0000000080000000, 0x0000000100000000)
  region size 1024K, 7 young (7168K), 7 survivors (7168K)
 Metaspace       used 134334K, capacity 138946K, committed 147376K, reserved 1175552K
  class space    used 16968K, capacity 18682K, committed 22016K, reserved 1048576K
}
Event: 360.777 GC heap before
{Heap before GC invocations=46 (full 0):
 garbage-first heap   total 253952K, used 190464K [0x0000000080000000, 0x0000000100000000)
  region size 1024K, 54 young (55296K), 7 survivors (7168K)
 Metaspace       used 134526K, capacity 139127K, committed 147376K, reserved 1175552K
  class space    used 16988K, capacity 18719K, committed 22016K, reserved 1048576K
}
Event: 360.782 GC heap after
{Heap after GC invocations=47 (full 0):
 garbage-first heap   total 253952K, used 147437K [0x0000000080000000, 0x0000000100000000)
  region size 1024K, 5 young (5120K), 5 survivors (5120K)
 Metaspace       used 134526K, capacity 139127K, committed 147376K, reserved 1175552K
  class space    used 16988K, capacity 18719K, committed 22016K, reserved 1048576K
}
Event: 361.033 GC heap before
{Heap before GC invocations=47 (full 0):
 garbage-first heap   total 253952K, used 194541K [0x0000000080000000, 0x0000000100000000)
  region size 1024K, 52 young (53248K), 5 survivors (5120K)
 Metaspace       used 134677K, capacity 139227K, committed 147632K, reserved 1175552K
  class space    used 16994K, capacity 18730K, committed 22016K, reserved 1048576K
}
Event: 361.043 GC heap after
{Heap after GC invocations=48 (full 0):
 garbage-first heap   total 253952K, used 154624K [0x0000000080000000, 0x0000000100000000)
  region size 1024K, 7 young (7168K), 7 survivors (7168K)
 Metaspace       used 134677K, capacity 139227K, committed 147632K, reserved 1175552K
  class space    used 16994K, capacity 18730K, committed 22016K, reserved 1048576K
}

