# JRE version: OpenJDK Runtime Environment (11.0.15) (build 11.0.15+0-b2043.56-9505619)
# Java VM: OpenJDK 64-Bit Server VM (11.0.15+0-b2043.56-9505619, mixed mode, tiered, compressed oops, g1 gc, windows-amd64)
Heap:
 garbage-first heap   total 253952K, used 61715K [0x0000000709800000, 0x0000000800000000)
  region size 1024K, 41 young (41984K), 3 survivors (3072K)
 Metaspace       used 45984K, capacity 46482K, committed 46540K, reserved 1089536K
  class space    used 5348K, capacity 5541K, committed 5580K, reserved 1048576K
GC Heap History (10 events):
Event: 0.373 GC heap before
{Heap before GC invocations=0 (full 0):
 garbage-first heap   total 253952K, used 28672K [0x0000000709800000, 0x0000000800000000)
  region size 1024K, 24 young (24576K), 0 survivors (0K)
 Metaspace       used 11596K, capacity 11730K, committed 11904K, reserved 1060864K
  class space    used 1047K, capacity 1077K, committed 1152K, reserved 1048576K
}
Event: 0.374 GC heap after
{Heap after GC invocations=1 (full 0):
 garbage-first heap   total 253952K, used 6713K [0x0000000709800000, 0x0000000800000000)
  region size 1024K, 3 young (3072K), 3 survivors (3072K)
 Metaspace       used 11596K, capacity 11730K, committed 11904K, reserved 1060864K
  class space    used 1047K, capacity 1077K, committed 1152K, reserved 1048576K
}
Event: 0.826 GC heap before
{Heap before GC invocations=1 (full 0):
 garbage-first heap   total 253952K, used 46649K [0x0000000709800000, 0x0000000800000000)
  region size 1024K, 43 young (44032K), 3 survivors (3072K)
 Metaspace       used 21002K, capacity 21153K, committed 21248K, reserved 1069056K
  class space    used 2198K, capacity 2270K, committed 2304K, reserved 1048576K
}
Event: 0.833 GC heap after
{Heap after GC invocations=2 (full 0):
 garbage-first heap   total 253952K, used 10565K [0x0000000709800000, 0x0000000800000000)
  region size 1024K, 7 young (7168K), 7 survivors (7168K)
 Metaspace       used 21002K, capacity 21153K, committed 21248K, reserved 1069056K
  class space    used 2198K, capacity 2270K, committed 2304K, reserved 1048576K
}
Event: 1.448 GC heap before
{Heap before GC invocations=3 (full 0):
 garbage-first heap   total 253952K, used 72005K [0x0000000709800000, 0x0000000800000000)
  region size 1024K, 61 young (62464K), 7 survivors (7168K)
 Metaspace       used 34123K, capacity 34532K, committed 34560K, reserved 1079296K
  class space    used 4175K, capacity 4337K, committed 4352K, reserved 1048576K
}
Event: 1.456 GC heap after
{Heap after GC invocations=4 (full 0):
 garbage-first heap   total 253952K, used 23035K [0x0000000709800000, 0x0000000800000000)
  region size 1024K, 8 young (8192K), 8 survivors (8192K)
 Metaspace       used 34123K, capacity 34532K, committed 34560K, reserved 1079296K
  class space    used 4175K, capacity 4337K, committed 4352K, reserved 1048576K
}
Event: 1.517 GC heap before
{Heap before GC invocations=4 (full 0):
 garbage-first heap   total 253952K, used 28155K [0x0000000709800000, 0x0000000800000000)
  region size 1024K, 14 young (14336K), 8 survivors (8192K)
 Metaspace       used 35469K, capacity 35812K, committed 35840K, reserved 1081344K
  class space    used 4310K, capacity 4465K, committed 4480K, reserved 1048576K
}
Event: 1.522 GC heap after
{Heap after GC invocations=5 (full 0):
 garbage-first heap   total 253952K, used 24618K [0x0000000709800000, 0x0000000800000000)
  region size 1024K, 10 young (10240K), 10 survivors (10240K)
 Metaspace       used 35469K, capacity 35812K, committed 35840K, reserved 1081344K
  class space    used 4310K, capacity 4465K, committed 4480K, reserved 1048576K
}
Event: 1.627 GC heap before
{Heap before GC invocations=6 (full 0):
 garbage-first heap   total 253952K, used 37930K [0x0000000709800000, 0x0000000800000000)
  region size 1024K, 23 young (23552K), 10 survivors (10240K)
 Metaspace       used 37527K, capacity 37921K, committed 38092K, reserved 1083392K
  class space    used 4526K, capacity 4698K, committed 4812K, reserved 1048576K
}
Event: 1.632 GC heap after
{Heap after GC invocations=7 (full 0):
 garbage-first heap   total 253952K, used 23827K [0x0000000709800000, 0x0000000800000000)
  region size 1024K, 3 young (3072K), 3 survivors (3072K)
 Metaspace       used 37527K, capacity 37921K, committed 38092K, reserved 1083392K
  class space    used 4526K, capacity 4698K, committed 4812K, reserved 1048576K
}

