# JRE version: OpenJDK Runtime Environment (17.0.6) (build 17.0.6+0-b2043.56-9586694)
# Java VM: OpenJDK 64-Bit Server VM (17.0.6+0-b2043.56-9586694, mixed mode, tiered, compressed oops, compressed class ptrs, g1 gc, windows-amd64)
GC Precious Log:
 CPUs: 16 total, 16 available
 Memory: 15773M
 Large Page Support: Disabled
 NUMA Support: Disabled
 Compressed Oops: Enabled (Zero based)
 Heap Region Size: 2M
 Heap Min Capacity: 8M
 Heap Initial Capacity: 248M
 Heap Max Capacity: 3944M
 Pre-touch: Disabled
 Parallel Workers: 13
 Concurrent Workers: 3
 Concurrent Refinement Workers: 13
 Periodic GC: Disabled
Heap:
 garbage-first heap   total 116736K, used 80839K [0x0000000709800000, 0x0000000800000000)
  region size 2048K, 23 young (47104K), 4 survivors (8192K)
 Metaspace       used 56664K, committed 56960K, reserved 1105920K
  class space    used 6622K, committed 6784K, reserved 1048576K
GC Heap History (20 events):
Event: 0.357 GC heap before
{Heap before GC invocations=0 (full 0):
 garbage-first heap   total 253952K, used 24576K [0x0000000709800000, 0x0000000800000000)
  region size 2048K, 11 young (22528K), 0 survivors (0K)
 Metaspace       used 12222K, committed 12352K, reserved 1064960K
  class space    used 1141K, committed 1216K, reserved 1048576K
}
Event: 0.358 GC heap after
{Heap after GC invocations=1 (full 0):
 garbage-first heap   total 253952K, used 6908K [0x0000000709800000, 0x0000000800000000)
  region size 2048K, 2 young (4096K), 2 survivors (4096K)
 Metaspace       used 12222K, committed 12352K, reserved 1064960K
  class space    used 1141K, committed 1216K, reserved 1048576K
}
Event: 0.768 GC heap before
{Heap before GC invocations=1 (full 0):
 garbage-first heap   total 253952K, used 37628K [0x0000000709800000, 0x0000000800000000)
  region size 2048K, 18 young (36864K), 2 survivors (4096K)
 Metaspace       used 20041K, committed 20224K, reserved 1073152K
  class space    used 2150K, committed 2240K, reserved 1048576K
}
Event: 0.772 GC heap after
{Heap after GC invocations=2 (full 0):
 garbage-first heap   total 253952K, used 10242K [0x0000000709800000, 0x0000000800000000)
  region size 2048K, 3 young (6144K), 3 survivors (6144K)
 Metaspace       used 20041K, committed 20224K, reserved 1073152K
  class space    used 2150K, committed 2240K, reserved 1048576K
}
Event: 0.826 GC heap before
{Heap before GC invocations=2 (full 0):
 garbage-first heap   total 253952K, used 14338K [0x0000000709800000, 0x0000000800000000)
  region size 2048K, 6 young (12288K), 3 survivors (6144K)
 Metaspace       used 21325K, committed 21504K, reserved 1073152K
  class space    used 2306K, committed 2432K, reserved 1048576K
}
Event: 0.828 GC heap after
{Heap after GC invocations=3 (full 0):
 garbage-first heap   total 253952K, used 10758K [0x0000000709800000, 0x0000000800000000)
  region size 2048K, 4 young (8192K), 4 survivors (8192K)
 Metaspace       used 21325K, committed 21504K, reserved 1073152K
  class space    used 2306K, committed 2432K, reserved 1048576K
}
Event: 1.149 GC heap before
{Heap before GC invocations=4 (full 0):
 garbage-first heap   total 55296K, used 39430K [0x0000000709800000, 0x0000000800000000)
  region size 2048K, 16 young (32768K), 4 survivors (8192K)
 Metaspace       used 28095K, committed 28352K, reserved 1081344K
  class space    used 3064K, committed 3200K, reserved 1048576K
}
Event: 1.156 GC heap after
{Heap after GC invocations=5 (full 0):
 garbage-first heap   total 55296K, used 16657K [0x0000000709800000, 0x0000000800000000)
  region size 2048K, 2 young (4096K), 2 survivors (4096K)
 Metaspace       used 28095K, committed 28352K, reserved 1081344K
  class space    used 3064K, committed 3200K, reserved 1048576K
}
Event: 1.182 GC heap before
{Heap before GC invocations=5 (full 0):
 garbage-first heap   total 55296K, used 18705K [0x0000000709800000, 0x0000000800000000)
  region size 2048K, 3 young (6144K), 2 survivors (4096K)
 Metaspace       used 28632K, committed 28864K, reserved 1081344K
  class space    used 3145K, committed 3264K, reserved 1048576K
}
Event: 1.185 GC heap after
{Heap after GC invocations=6 (full 0):
 garbage-first heap   total 55296K, used 16943K [0x0000000709800000, 0x0000000800000000)
  region size 2048K, 1 young (2048K), 1 survivors (2048K)
 Metaspace       used 28632K, committed 28864K, reserved 1081344K
  class space    used 3145K, committed 3264K, reserved 1048576K
}
Event: 1.398 GC heap before
{Heap before GC invocations=6 (full 0):
 garbage-first heap   total 55296K, used 45615K [0x0000000709800000, 0x0000000800000000)
  region size 2048K, 12 young (24576K), 1 survivors (2048K)
 Metaspace       used 31441K, committed 31680K, reserved 1081344K
  class space    used 3774K, committed 3904K, reserved 1048576K
}
Event: 1.405 GC heap after
{Heap after GC invocations=7 (full 0):
 garbage-first heap   total 55296K, used 28061K [0x0000000709800000, 0x0000000800000000)
  region size 2048K, 2 young (4096K), 2 survivors (4096K)
 Metaspace       used 31441K, committed 31680K, reserved 1081344K
  class space    used 3774K, committed 3904K, reserved 1048576K
}
Event: 1.454 GC heap before
{Heap before GC invocations=7 (full 0):
 garbage-first heap   total 55296K, used 38301K [0x0000000709800000, 0x0000000800000000)
  region size 2048K, 8 young (16384K), 2 survivors (4096K)
 Metaspace       used 31519K, committed 31808K, reserved 1081344K
  class space    used 3774K, committed 3904K, reserved 1048576K
}
Event: 1.462 GC heap after
{Heap after GC invocations=8 (full 0):
 garbage-first heap   total 155648K, used 25123K [0x0000000709800000, 0x0000000800000000)
  region size 2048K, 1 young (2048K), 1 survivors (2048K)
 Metaspace       used 31519K, committed 31808K, reserved 1081344K
  class space    used 3774K, committed 3904K, reserved 1048576K
}
Event: 1.705 GC heap before
{Heap before GC invocations=8 (full 0):
 garbage-first heap   total 155648K, used 49699K [0x0000000709800000, 0x0000000800000000)
  region size 2048K, 13 young (26624K), 1 survivors (2048K)
 Metaspace       used 35796K, committed 35968K, reserved 1081344K
  class space    used 4448K, committed 4544K, reserved 1048576K
}
Event: 1.713 GC heap after
{Heap after GC invocations=9 (full 0):
 garbage-first heap   total 155648K, used 31109K [0x0000000709800000, 0x0000000800000000)
  region size 2048K, 3 young (6144K), 3 survivors (6144K)
 Metaspace       used 35796K, committed 35968K, reserved 1081344K
  class space    used 4448K, committed 4544K, reserved 1048576K
}
Event: 2.621 GC heap before
{Heap before GC invocations=10 (full 0):
 garbage-first heap   total 116736K, used 88453K [0x0000000709800000, 0x0000000800000000)
  region size 2048K, 32 young (65536K), 3 survivors (6144K)
 Metaspace       used 48580K, committed 48832K, reserved 1097728K
  class space    used 5799K, committed 5952K, reserved 1048576K
}
Event: 2.637 GC heap after
{Heap after GC invocations=11 (full 0):
 garbage-first heap   total 116736K, used 35207K [0x0000000709800000, 0x0000000800000000)
  region size 2048K, 5 young (10240K), 5 survivors (10240K)
 Metaspace       used 48580K, committed 48832K, reserved 1097728K
  class space    used 5799K, committed 5952K, reserved 1048576K
}
Event: 3.041 GC heap before
{Heap before GC invocations=11 (full 0):
 garbage-first heap   total 116736K, used 82311K [0x0000000709800000, 0x0000000800000000)
  region size 2048K, 27 young (55296K), 5 survivors (10240K)
 Metaspace       used 51056K, committed 51264K, reserved 1097728K
  class space    used 6037K, committed 6144K, reserved 1048576K
}
Event: 3.057 GC heap after
{Heap after GC invocations=12 (full 0):
 garbage-first heap   total 116736K, used 43975K [0x0000000709800000, 0x0000000800000000)
  region size 2048K, 4 young (8192K), 4 survivors (8192K)
 Metaspace       used 51056K, committed 51264K, reserved 1097728K
  class space    used 6037K, committed 6144K, reserved 1048576K
}

